<?xml version="1.0" encoding="UTF-8"?>
<testsuite name="TestSuite" time="60.891" tests="2" errors="0" skipped="0" failures="2">
  <properties>
[...]
</properties>
  <testcase name="verifySeleniumTitle_XML" classname="tests.SimpleGoogleTest" time="29.487">
    <failure message="Selenium Home Page is not loaded in 10 seconds" type="omelet.exception.FrameworkException">omelet.exception.FrameworkException: Selenium Home Page is not loaded in 10 seconds
	at pageobjects.SeleniumPage.isLoaded(SeleniumPage.java:27)
	at tests.SimpleGoogleTest.verifySeleniumTitle_XML(SimpleGoogleTest.java:25)
</failure>
    <system-out><![CDATA[...
... TestNG 6.9.4 by Cédric Beust (cedric@beust.com)
...


**********************************************
**********************************************
                      .__          __
  ____   _____   ____ |  |   _____/  |_
/  _  \ /     \_/ __ \|  | _/ __ \   __\
(  <_> )  Y Y  \  ___/|  |_\  ___/|  |
\____ /|__|_|  /\___  >____/\___  >__|
        \/     \/          \/
**********************************************
           LET'S COOK SOME TESTS!
**********************************************

********************************************************
********************************************************
2::Initiating TestCase::verifySeleniumTitle_XML (PoolService-1@3148967)
1::Initiating TestCase::verifySeleniumTitle_XML (PoolService-1@3148967)
Start Time:::: 11:55:38
Start Time:::: 11:55:38
null
null
org.openqa.selenium.NoSuchElementException: Unable to locate element: {"method":"id","selector":"editPage"}
Command duration or timeout: 20 milliseconds
For documentation on this error, please visit: http://seleniumhq.org/exceptions/no_such_element.html
Build info: version: '2.46.0', revision: '61506a4624b13675f24581e453592342b7485d71', time: '2015-06-04 10:22:50'
System info: host: 'lainpuma873', ip: '10.113.4.166', os.name: 'Windows 7', os.arch: 'x86', os.version: '6.1', java.version: '1.7.0_67'
*** Element info: {Using=id, value=editPage}
Session ID: a5526ee6-e92f-479c-ba9c-63ba20998564
Driver info: org.openqa.selenium.firefox.FirefoxDriver
Capabilities [{platform=WINDOWS, acceptSslCerts=true, javascriptEnabled=true, cssSelectorsEnabled=true, databaseEnabled=true, browserName=firefox, handlesAlerts=true, browserConnectionEnabled=true, nativeEvents=false, webStorageEnabled=true, rotatable=false, locationContextEnabled=true, applicationCacheEnabled=true, takesScreenshot=true, version=26.0}]
org.openqa.selenium.NoSuchElementException: Unable to locate element: {"method":"id","selector":"editPage"}
Command duration or timeout: 5.50 seconds
For documentation on this error, please visit: http://seleniumhq.org/exceptions/no_such_element.html
Build info: version: '2.46.0', revision: '61506a4624b13675f24581e453592342b7485d71', time: '2015-06-04 10:22:50'
System info: host: 'lainpuma873', ip: '10.113.4.166', os.name: 'Windows 7', os.arch: 'x86', os.version: '6.1', java.version: '1.7.0_67'
*** Element info: {Using=id, value=editPage}
Session ID: 976639ea-e050-4fe0-86a0-ac3ec56c505c
Driver info: org.openqa.selenium.firefox.FirefoxDriver
Capabilities [{platform=WINDOWS, acceptSslCerts=true, javascriptEnabled=true, cssSelectorsEnabled=true, databaseEnabled=true, browserName=firefox, handlesAlerts=true, browserConnectionEnabled=true, nativeEvents=false, webStorageEnabled=true, rotatable=false, locationContextEnabled=true, applicationCacheEnabled=true, takesScreenshot=true, version=26.0}]
org.openqa.selenium.NoSuchElementException: Unable to locate element: {"method":"id","selector":"editPage"}
Command duration or timeout: 15 milliseconds
For documentation on this error, please visit: http://seleniumhq.org/exceptions/no_such_element.html
Build info: version: '2.46.0', revision: '61506a4624b13675f24581e453592342b7485d71', time: '2015-06-04 10:22:50'
System info: host: 'lainpuma873', ip: '10.113.4.166', os.name: 'Windows 7', os.arch: 'x86', os.version: '6.1', java.version: '1.7.0_67'
*** Element info: {Using=id, value=editPage}
Session ID: 976639ea-e050-4fe0-86a0-ac3ec56c505c
Driver info: org.openqa.selenium.firefox.FirefoxDriver
Capabilities [{platform=WINDOWS, acceptSslCerts=true, javascriptEnabled=true, cssSelectorsEnabled=true, databaseEnabled=true, browserName=firefox, handlesAlerts=true, browserConnectionEnabled=true, nativeEvents=false, webStorageEnabled=true, rotatable=false, locationContextEnabled=true, applicationCacheEnabled=true, takesScreenshot=true, version=26.0}]
org.openqa.selenium.NoSuchElementException: Unable to locate element: {"method":"id","selector":"editPage"}
Command duration or timeout: 9 milliseconds
For documentation on this error, please visit: http://seleniumhq.org/exceptions/no_such_element.html
Build info: version: '2.46.0', revision: '61506a4624b13675f24581e453592342b7485d71', time: '2015-06-04 10:22:50'
System info: host: 'lainpuma873', ip: '10.113.4.166', os.name: 'Windows 7', os.arch: 'x86', os.version: '6.1', java.version: '1.7.0_67'
*** Element info: {Using=id, value=editPage}
Session ID: 976639ea-e050-4fe0-86a0-ac3ec56c505c
Driver info: org.openqa.selenium.firefox.FirefoxDriver
Capabilities [{platform=WINDOWS, acceptSslCerts=true, javascriptEnabled=true, cssSelectorsEnabled=true, databaseEnabled=true, browserName=firefox, handlesAlerts=true, browserConnectionEnabled=true, nativeEvents=false, webStorageEnabled=true, rotatable=false, locationContextEnabled=true, applicationCacheEnabled=true, takesScreenshot=true, version=26.0}]
org.openqa.selenium.NoSuchElementException: Unable to locate element: {"method":"id","selector":"editPage"}
Command duration or timeout: 8 milliseconds
For documentation on this error, please visit: http://seleniumhq.org/exceptions/no_such_element.html
Build info: version: '2.46.0', revision: '61506a4624b13675f24581e453592342b7485d71', time: '2015-06-04 10:22:50'
System info: host: 'lainpuma873', ip: '10.113.4.166', os.name: 'Windows 7', os.arch: 'x86', os.version: '6.1', java.version: '1.7.0_67'
*** Element info: {Using=id, value=editPage}
Session ID: 976639ea-e050-4fe0-86a0-ac3ec56c505c
Driver info: org.openqa.selenium.firefox.FirefoxDriver
Capabilities [{platform=WINDOWS, acceptSslCerts=true, javascriptEnabled=true, cssSelectorsEnabled=true, databaseEnabled=true, browserName=firefox, handlesAlerts=true, browserConnectionEnabled=true, nativeEvents=false, webStorageEnabled=true, rotatable=false, locationContextEnabled=true, applicationCacheEnabled=true, takesScreenshot=true, version=26.0}]
org.openqa.selenium.NoSuchElementException: Unable to locate element: {"method":"id","selector":"editPage"}
Command duration or timeout: 13 milliseconds
For documentation on this error, please visit: http://seleniumhq.org/exceptions/no_such_element.html
Build info: version: '2.46.0', revision: '61506a4624b13675f24581e453592342b7485d71', time: '2015-06-04 10:22:50'
System info: host: 'lainpuma873', ip: '10.113.4.166', os.name: 'Windows 7', os.arch: 'x86', os.version: '6.1', java.version: '1.7.0_67'
*** Element info: {Using=id, value=editPage}
Session ID: 976639ea-e050-4fe0-86a0-ac3ec56c505c
Driver info: org.openqa.selenium.firefox.FirefoxDriver
Capabilities [{platform=WINDOWS, acceptSslCerts=true, javascriptEnabled=true, cssSelectorsEnabled=true, databaseEnabled=true, browserName=firefox, handlesAlerts=true, browserConnectionEnabled=true, nativeEvents=false, webStorageEnabled=true, rotatable=false, locationContextEnabled=true, applicationCacheEnabled=true, takesScreenshot=true, version=26.0}]
org.openqa.selenium.NoSuchElementException: Unable to locate element: {"method":"id","selector":"editPage"}
Command duration or timeout: 4.30 seconds
For documentation on this error, please visit: http://seleniumhq.org/exceptions/no_such_element.html
Build info: version: '2.46.0', revision: '61506a4624b13675f24581e453592342b7485d71', time: '2015-06-04 10:22:50'
System info: host: 'lainpuma873', ip: '10.113.4.166', os.name: 'Windows 7', os.arch: 'x86', os.version: '6.1', java.version: '1.7.0_67'
*** Element info: {Using=id, value=editPage}
Session ID: a5526ee6-e92f-479c-ba9c-63ba20998564
Driver info: org.openqa.selenium.firefox.FirefoxDriver
Capabilities [{platform=WINDOWS, acceptSslCerts=true, javascriptEnabled=true, cssSelectorsEnabled=true, databaseEnabled=true, browserName=firefox, handlesAlerts=true, browserConnectionEnabled=true, nativeEvents=false, webStorageEnabled=true, rotatable=false, locationContextEnabled=true, applicationCacheEnabled=true, takesScreenshot=true, version=26.0}]
org.openqa.selenium.NoSuchElementException: Unable to locate element: {"method":"id","selector":"editPage"}
Command duration or timeout: 8 milliseconds
For documentation on this error, please visit: http://seleniumhq.org/exceptions/no_such_element.html
Build info: version: '2.46.0', revision: '61506a4624b13675f24581e453592342b7485d71', time: '2015-06-04 10:22:50'
System info: host: 'lainpuma873', ip: '10.113.4.166', os.name: 'Windows 7', os.arch: 'x86', os.version: '6.1', java.version: '1.7.0_67'
*** Element info: {Using=id, value=editPage}
Session ID: 976639ea-e050-4fe0-86a0-ac3ec56c505c
Driver info: org.openqa.selenium.firefox.FirefoxDriver
Capabilities [{platform=WINDOWS, acceptSslCerts=true, javascriptEnabled=true, cssSelectorsEnabled=true, databaseEnabled=true, browserName=firefox, handlesAlerts=true, browserConnectionEnabled=true, nativeEvents=false, webStorageEnabled=true, rotatable=false, locationContextEnabled=true, applicationCacheEnabled=true, takesScreenshot=true, version=26.0}]
org.openqa.selenium.NoSuchElementException: Unable to locate element: {"method":"id","selector":"editPage"}
Command duration or timeout: 7 milliseconds
For documentation on this error, please visit: http://seleniumhq.org/exceptions/no_such_element.html
Build info: version: '2.46.0', revision: '61506a4624b13675f24581e453592342b7485d71', time: '2015-06-04 10:22:50'
System info: host: 'lainpuma873', ip: '10.113.4.166', os.name: 'Windows 7', os.arch: 'x86', os.version: '6.1', java.version: '1.7.0_67'
*** Element info: {Using=id, value=editPage}
Session ID: a5526ee6-e92f-479c-ba9c-63ba20998564
Driver info: org.openqa.selenium.firefox.FirefoxDriver
Capabilities [{platform=WINDOWS, acceptSslCerts=true, javascriptEnabled=true, cssSelectorsEnabled=true, databaseEnabled=true, browserName=firefox, handlesAlerts=true, browserConnectionEnabled=true, nativeEvents=false, webStorageEnabled=true, rotatable=false, locationContextEnabled=true, applicationCacheEnabled=true, takesScreenshot=true, version=26.0}]
org.openqa.selenium.NoSuchElementException: Unable to locate element: {"method":"id","selector":"editPage"}
Command duration or timeout: 9 milliseconds
For documentation on this error, please visit: http://seleniumhq.org/exceptions/no_such_element.html
Build info: version: '2.46.0', revision: '61506a4624b13675f24581e453592342b7485d71', time: '2015-06-04 10:22:50'
System info: host: 'lainpuma873', ip: '10.113.4.166', os.name: 'Windows 7', os.arch: 'x86', os.version: '6.1', java.version: '1.7.0_67'
*** Element info: {Using=id, value=editPage}
Session ID: 976639ea-e050-4fe0-86a0-ac3ec56c505c
Driver info: org.openqa.selenium.firefox.FirefoxDriver
Capabilities [{platform=WINDOWS, acceptSslCerts=true, javascriptEnabled=true, cssSelectorsEnabled=true, databaseEnabled=true, browserName=firefox, handlesAlerts=true, browserConnectionEnabled=true, nativeEvents=false, webStorageEnabled=true, rotatable=false, locationContextEnabled=true, applicationCacheEnabled=true, takesScreenshot=true, version=26.0}]
org.openqa.selenium.NoSuchElementException: Unable to locate element: {"method":"id","selector":"editPage"}
Command duration or timeout: 36 milliseconds
For documentation on this error, please visit: http://seleniumhq.org/exceptions/no_such_element.html
Build info: version: '2.46.0', revision: '61506a4624b13675f24581e453592342b7485d71', time: '2015-06-04 10:22:50'
System info: host: 'lainpuma873', ip: '10.113.4.166', os.name: 'Windows 7', os.arch: 'x86', os.version: '6.1', java.version: '1.7.0_67'
*** Element info: {Using=id, value=editPage}
Session ID: a5526ee6-e92f-479c-ba9c-63ba20998564
Driver info: org.openqa.selenium.firefox.FirefoxDriver
Capabilities [{platform=WINDOWS, acceptSslCerts=true, javascriptEnabled=true, cssSelectorsEnabled=true, databaseEnabled=true, browserName=firefox, handlesAlerts=true, browserConnectionEnabled=true, nativeEvents=false, webStorageEnabled=true, rotatable=false, locationContextEnabled=true, applicationCacheEnabled=true, takesScreenshot=true, version=26.0}]
org.openqa.selenium.NoSuchElementException: Unable to locate element: {"method":"id","selector":"editPage"}
Command duration or timeout: 11 milliseconds
For documentation on this error, please visit: http://seleniumhq.org/exceptions/no_such_element.html
Build info: version: '2.46.0', revision: '61506a4624b13675f24581e453592342b7485d71', time: '2015-06-04 10:22:50'
System info: host: 'lainpuma873', ip: '10.113.4.166', os.name: 'Windows 7', os.arch: 'x86', os.version: '6.1', java.version: '1.7.0_67'
*** Element info: {Using=id, value=editPage}
Session ID: 976639ea-e050-4fe0-86a0-ac3ec56c505c
Driver info: org.openqa.selenium.firefox.FirefoxDriver
Capabilities [{platform=WINDOWS, acceptSslCerts=true, javascriptEnabled=true, cssSelectorsEnabled=true, databaseEnabled=true, browserName=firefox, handlesAlerts=true, browserConnectionEnabled=true, nativeEvents=false, webStorageEnabled=true, rotatable=false, locationContextEnabled=true, applicationCacheEnabled=true, takesScreenshot=true, version=26.0}]
org.openqa.selenium.NoSuchElementException: Unable to locate element: {"method":"id","selector":"editPage"}
Command duration or timeout: 7 milliseconds
For documentation on this error, please visit: http://seleniumhq.org/exceptions/no_such_element.html
Build info: version: '2.46.0', revision: '61506a4624b13675f24581e453592342b7485d71', time: '2015-06-04 10:22:50'
System info: host: 'lainpuma873', ip: '10.113.4.166', os.name: 'Windows 7', os.arch: 'x86', os.version: '6.1', java.version: '1.7.0_67'
*** Element info: {Using=id, value=editPage}
Session ID: a5526ee6-e92f-479c-ba9c-63ba20998564
Driver info: org.openqa.selenium.firefox.FirefoxDriver
Capabilities [{platform=WINDOWS, acceptSslCerts=true, javascriptEnabled=true, cssSelectorsEnabled=true, databaseEnabled=true, browserName=firefox, handlesAlerts=true, browserConnectionEnabled=true, nativeEvents=false, webStorageEnabled=true, rotatable=false, locationContextEnabled=true, applicationCacheEnabled=true, takesScreenshot=true, version=26.0}]
org.openqa.selenium.NoSuchElementException: Unable to locate element: {"method":"id","selector":"editPage"}
Command duration or timeout: 8 milliseconds
For documentation on this error, please visit: http://seleniumhq.org/exceptions/no_such_element.html
Build info: version: '2.46.0', revision: '61506a4624b13675f24581e453592342b7485d71', time: '2015-06-04 10:22:50'
System info: host: 'lainpuma873', ip: '10.113.4.166', os.name: 'Windows 7', os.arch: 'x86', os.version: '6.1', java.version: '1.7.0_67'
*** Element info: {Using=id, value=editPage}
Session ID: 976639ea-e050-4fe0-86a0-ac3ec56c505c
Driver info: org.openqa.selenium.firefox.FirefoxDriver
Capabilities [{platform=WINDOWS, acceptSslCerts=true, javascriptEnabled=true, cssSelectorsEnabled=true, databaseEnabled=true, browserName=firefox, handlesAlerts=true, browserConnectionEnabled=true, nativeEvents=false, webStorageEnabled=true, rotatable=false, locationContextEnabled=true, applicationCacheEnabled=true, takesScreenshot=true, version=26.0}]
org.openqa.selenium.NoSuchElementException: Unable to locate element: {"method":"id","selector":"editPage"}
Command duration or timeout: 7 milliseconds
For documentation on this error, please visit: http://seleniumhq.org/exceptions/no_such_element.html
Build info: version: '2.46.0', revision: '61506a4624b13675f24581e453592342b7485d71', time: '2015-06-04 10:22:50'
System info: host: 'lainpuma873', ip: '10.113.4.166', os.name: 'Windows 7', os.arch: 'x86', os.version: '6.1', java.version: '1.7.0_67'
*** Element info: {Using=id, value=editPage}
Session ID: a5526ee6-e92f-479c-ba9c-63ba20998564
Driver info: org.openqa.selenium.firefox.FirefoxDriver
Capabilities [{platform=WINDOWS, acceptSslCerts=true, javascriptEnabled=true, cssSelectorsEnabled=true, databaseEnabled=true, browserName=firefox, handlesAlerts=true, browserConnectionEnabled=true, nativeEvents=false, webStorageEnabled=true, rotatable=false, locationContextEnabled=true, applicationCacheEnabled=true, takesScreenshot=true, version=26.0}]
org.openqa.selenium.NoSuchElementException: Unable to locate element: {"method":"id","selector":"editPage"}
Command duration or timeout: 11 milliseconds
For documentation on this error, please visit: http://seleniumhq.org/exceptions/no_such_element.html
Build info: version: '2.46.0', revision: '61506a4624b13675f24581e453592342b7485d71', time: '2015-06-04 10:22:50'
System info: host: 'lainpuma873', ip: '10.113.4.166', os.name: 'Windows 7', os.arch: 'x86', os.version: '6.1', java.version: '1.7.0_67'
*** Element info: {Using=id, value=editPage}
Session ID: 976639ea-e050-4fe0-86a0-ac3ec56c505c
Driver info: org.openqa.selenium.firefox.FirefoxDriver
Capabilities [{platform=WINDOWS, acceptSslCerts=true, javascriptEnabled=true, cssSelectorsEnabled=true, databaseEnabled=true, browserName=firefox, handlesAlerts=true, browserConnectionEnabled=true, nativeEvents=false, webStorageEnabled=true, rotatable=false, locationContextEnabled=true, applicationCacheEnabled=true, takesScreenshot=true, version=26.0}]
org.openqa.selenium.NoSuchElementException: Unable to locate element: {"method":"id","selector":"editPage"}
Command duration or timeout: 7 milliseconds
For documentation on this error, please visit: http://seleniumhq.org/exceptions/no_such_element.html
Build info: version: '2.46.0', revision: '61506a4624b13675f24581e453592342b7485d71', time: '2015-06-04 10:22:50'
System info: host: 'lainpuma873', ip: '10.113.4.166', os.name: 'Windows 7', os.arch: 'x86', os.version: '6.1', java.version: '1.7.0_67'
*** Element info: {Using=id, value=editPage}
Session ID: a5526ee6-e92f-479c-ba9c-63ba20998564
Driver info: org.openqa.selenium.firefox.FirefoxDriver
Capabilities [{platform=WINDOWS, acceptSslCerts=true, javascriptEnabled=true, cssSelectorsEnabled=true, databaseEnabled=true, browserName=firefox, handlesAlerts=true, browserConnectionEnabled=true, nativeEvents=false, webStorageEnabled=true, rotatable=false, locationContextEnabled=true, applicationCacheEnabled=true, takesScreenshot=true, version=26.0}]
org.openqa.selenium.NoSuchElementException: Unable to locate element: {"method":"id","selector":"editPage"}
Command duration or timeout: 8 milliseconds
For documentation on this error, please visit: http://seleniumhq.org/exceptions/no_such_element.html
Build info: version: '2.46.0', revision: '61506a4624b13675f24581e453592342b7485d71', time: '2015-06-04 10:22:50'
System info: host: 'lainpuma873', ip: '10.113.4.166', os.name: 'Windows 7', os.arch: 'x86', os.version: '6.1', java.version: '1.7.0_67'
*** Element info: {Using=id, value=editPage}
Session ID: 976639ea-e050-4fe0-86a0-ac3ec56c505c
Driver info: org.openqa.selenium.firefox.FirefoxDriver
Capabilities [{platform=WINDOWS, acceptSslCerts=true, javascriptEnabled=true, cssSelectorsEnabled=true, databaseEnabled=true, browserName=firefox, handlesAlerts=true, browserConnectionEnabled=true, nativeEvents=false, webStorageEnabled=true, rotatable=false, locationContextEnabled=true, applicationCacheEnabled=true, takesScreenshot=true, version=26.0}]
org.openqa.selenium.NoSuchElementException: Unable to locate element: {"method":"id","selector":"editPage"}
Command duration or timeout: 7 milliseconds
For documentation on this error, please visit: http://seleniumhq.org/exceptions/no_such_element.html
Build info: version: '2.46.0', revision: '61506a4624b13675f24581e453592342b7485d71', time: '2015-06-04 10:22:50'
System info: host: 'lainpuma873', ip: '10.113.4.166', os.name: 'Windows 7', os.arch: 'x86', os.version: '6.1', java.version: '1.7.0_67'
*** Element info: {Using=id, value=editPage}
Session ID: a5526ee6-e92f-479c-ba9c-63ba20998564
Driver info: org.openqa.selenium.firefox.FirefoxDriver
Capabilities [{platform=WINDOWS, acceptSslCerts=true, javascriptEnabled=true, cssSelectorsEnabled=true, databaseEnabled=true, browserName=firefox, handlesAlerts=true, browserConnectionEnabled=true, nativeEvents=false, webStorageEnabled=true, rotatable=false, locationContextEnabled=true, applicationCacheEnabled=true, takesScreenshot=true, version=26.0}]
org.openqa.selenium.NoSuchElementException: Unable to locate element: {"method":"id","selector":"editPage"}
Command duration or timeout: 8 milliseconds
For documentation on this error, please visit: http://seleniumhq.org/exceptions/no_such_element.html
Build info: version: '2.46.0', revision: '61506a4624b13675f24581e453592342b7485d71', time: '2015-06-04 10:22:50'
System info: host: 'lainpuma873', ip: '10.113.4.166', os.name: 'Windows 7', os.arch: 'x86', os.version: '6.1', java.version: '1.7.0_67'
*** Element info: {Using=id, value=editPage}
Session ID: 976639ea-e050-4fe0-86a0-ac3ec56c505c
Driver info: org.openqa.selenium.firefox.FirefoxDriver
Capabilities [{platform=WINDOWS, acceptSslCerts=true, javascriptEnabled=true, cssSelectorsEnabled=true, databaseEnabled=true, browserName=firefox, handlesAlerts=true, browserConnectionEnabled=true, nativeEvents=false, webStorageEnabled=true, rotatable=false, locationContextEnabled=true, applicationCacheEnabled=true, takesScreenshot=true, version=26.0}]
org.openqa.selenium.NoSuchElementException: Unable to locate element: {"method":"id","selector":"editPage"}
Command duration or timeout: 7 milliseconds
For documentation on this error, please visit: http://seleniumhq.org/exceptions/no_such_element.html
Build info: version: '2.46.0', revision: '61506a4624b13675f24581e453592342b7485d71', time: '2015-06-04 10:22:50'
System info: host: 'lainpuma873', ip: '10.113.4.166', os.name: 'Windows 7', os.arch: 'x86', os.version: '6.1', java.version: '1.7.0_67'
*** Element info: {Using=id, value=editPage}
Session ID: a5526ee6-e92f-479c-ba9c-63ba20998564
Driver info: org.openqa.selenium.firefox.FirefoxDriver
Capabilities [{platform=WINDOWS, acceptSslCerts=true, javascriptEnabled=true, cssSelectorsEnabled=true, databaseEnabled=true, browserName=firefox, handlesAlerts=true, browserConnectionEnabled=true, nativeEvents=false, webStorageEnabled=true, rotatable=false, locationContextEnabled=true, applicationCacheEnabled=true, takesScreenshot=true, version=26.0}]
org.openqa.selenium.NoSuchElementException: Unable to locate element: {"method":"id","selector":"editPage"}
Command duration or timeout: 7 milliseconds
For documentation on this error, please visit: http://seleniumhq.org/exceptions/no_such_element.html
Build info: version: '2.46.0', revision: '61506a4624b13675f24581e453592342b7485d71', time: '2015-06-04 10:22:50'
System info: host: 'lainpuma873', ip: '10.113.4.166', os.name: 'Windows 7', os.arch: 'x86', os.version: '6.1', java.version: '1.7.0_67'
*** Element info: {Using=id, value=editPage}
Session ID: 976639ea-e050-4fe0-86a0-ac3ec56c505c
Driver info: org.openqa.selenium.firefox.FirefoxDriver
Capabilities [{platform=WINDOWS, acceptSslCerts=true, javascriptEnabled=true, cssSelectorsEnabled=true, databaseEnabled=true, browserName=firefox, handlesAlerts=true, browserConnectionEnabled=true, nativeEvents=false, webStorageEnabled=true, rotatable=false, locationContextEnabled=true, applicationCacheEnabled=true, takesScreenshot=true, version=26.0}]
org.openqa.selenium.NoSuchElementException: Unable to locate element: {"method":"id","selector":"editPage"}
Command duration or timeout: 7 milliseconds
For documentation on this error, please visit: http://seleniumhq.org/exceptions/no_such_element.html
Build info: version: '2.46.0', revision: '61506a4624b13675f24581e453592342b7485d71', time: '2015-06-04 10:22:50'
System info: host: 'lainpuma873', ip: '10.113.4.166', os.name: 'Windows 7', os.arch: 'x86', os.version: '6.1', java.version: '1.7.0_67'
*** Element info: {Using=id, value=editPage}
Session ID: a5526ee6-e92f-479c-ba9c-63ba20998564
Driver info: org.openqa.selenium.firefox.FirefoxDriver
Capabilities [{platform=WINDOWS, acceptSslCerts=true, javascriptEnabled=true, cssSelectorsEnabled=true, databaseEnabled=true, browserName=firefox, handlesAlerts=true, browserConnectionEnabled=true, nativeEvents=false, webStorageEnabled=true, rotatable=false, locationContextEnabled=true, applicationCacheEnabled=true, takesScreenshot=true, version=26.0}]
org.openqa.selenium.NoSuchElementException: Unable to locate element: {"method":"id","selector":"editPage"}
Command duration or timeout: 9 milliseconds
For documentation on this error, please visit: http://seleniumhq.org/exceptions/no_such_element.html
Build info: version: '2.46.0', revision: '61506a4624b13675f24581e453592342b7485d71', time: '2015-06-04 10:22:50'
System info: host: 'lainpuma873', ip: '10.113.4.166', os.name: 'Windows 7', os.arch: 'x86', os.version: '6.1', java.version: '1.7.0_67'
*** Element info: {Using=id, value=editPage}
Session ID: 976639ea-e050-4fe0-86a0-ac3ec56c505c
Driver info: org.openqa.selenium.firefox.FirefoxDriver
Capabilities [{platform=WINDOWS, acceptSslCerts=true, javascriptEnabled=true, cssSelectorsEnabled=true, databaseEnabled=true, browserName=firefox, handlesAlerts=true, browserConnectionEnabled=true, nativeEvents=false, webStorageEnabled=true, rotatable=false, locationContextEnabled=true, applicationCacheEnabled=true, takesScreenshot=true, version=26.0}]
org.openqa.selenium.NoSuchElementException: Unable to locate element: {"method":"id","selector":"editPage"}
Command duration or timeout: 7 milliseconds
For documentation on this error, please visit: http://seleniumhq.org/exceptions/no_such_element.html
Build info: version: '2.46.0', revision: '61506a4624b13675f24581e453592342b7485d71', time: '2015-06-04 10:22:50'
System info: host: 'lainpuma873', ip: '10.113.4.166', os.name: 'Windows 7', os.arch: 'x86', os.version: '6.1', java.version: '1.7.0_67'
*** Element info: {Using=id, value=editPage}
Session ID: a5526ee6-e92f-479c-ba9c-63ba20998564
Driver info: org.openqa.selenium.firefox.FirefoxDriver
Capabilities [{platform=WINDOWS, acceptSslCerts=true, javascriptEnabled=true, cssSelectorsEnabled=true, databaseEnabled=true, browserName=firefox, handlesAlerts=true, browserConnectionEnabled=true, nativeEvents=false, webStorageEnabled=true, rotatable=false, locationContextEnabled=true, applicationCacheEnabled=true, takesScreenshot=true, version=26.0}]
org.openqa.selenium.NoSuchElementException: Unable to locate element: {"method":"id","selector":"editPage"}
Command duration or timeout: 7 milliseconds
For documentation on this error, please visit: http://seleniumhq.org/exceptions/no_such_element.html
Build info: version: '2.46.0', revision: '61506a4624b13675f24581e453592342b7485d71', time: '2015-06-04 10:22:50'
System info: host: 'lainpuma873', ip: '10.113.4.166', os.name: 'Windows 7', os.arch: 'x86', os.version: '6.1', java.version: '1.7.0_67'
*** Element info: {Using=id, value=editPage}
Session ID: 976639ea-e050-4fe0-86a0-ac3ec56c505c
Driver info: org.openqa.selenium.firefox.FirefoxDriver
Capabilities [{platform=WINDOWS, acceptSslCerts=true, javascriptEnabled=true, cssSelectorsEnabled=true, databaseEnabled=true, browserName=firefox, handlesAlerts=true, browserConnectionEnabled=true, nativeEvents=false, webStorageEnabled=true, rotatable=false, locationContextEnabled=true, applicationCacheEnabled=true, takesScreenshot=true, version=26.0}]
org.openqa.selenium.NoSuchElementException: Unable to locate element: {"method":"id","selector":"editPage"}
Command duration or timeout: 11 milliseconds
For documentation on this error, please visit: http://seleniumhq.org/exceptions/no_such_element.html
Build info: version: '2.46.0', revision: '61506a4624b13675f24581e453592342b7485d71', time: '2015-06-04 10:22:50'
System info: host: 'lainpuma873', ip: '10.113.4.166', os.name: 'Windows 7', os.arch: 'x86', os.version: '6.1', java.version: '1.7.0_67'
*** Element info: {Using=id, value=editPage}
Session ID: a5526ee6-e92f-479c-ba9c-63ba20998564
Driver info: org.openqa.selenium.firefox.FirefoxDriver
Capabilities [{platform=WINDOWS, acceptSslCerts=true, javascriptEnabled=true, cssSelectorsEnabled=true, databaseEnabled=true, browserName=firefox, handlesAlerts=true, browserConnectionEnabled=true, nativeEvents=false, webStorageEnabled=true, rotatable=false, locationContextEnabled=true, applicationCacheEnabled=true, takesScreenshot=true, version=26.0}]
org.openqa.selenium.NoSuchElementException: Unable to locate element: {"method":"id","selector":"editPage"}
Command duration or timeout: 8 milliseconds
For documentation on this error, please visit: http://seleniumhq.org/exceptions/no_such_element.html
Build info: version: '2.46.0', revision: '61506a4624b13675f24581e453592342b7485d71', time: '2015-06-04 10:22:50'
System info: host: 'lainpuma873', ip: '10.113.4.166', os.name: 'Windows 7', os.arch: 'x86', os.version: '6.1', java.version: '1.7.0_67'
*** Element info: {Using=id, value=editPage}
Session ID: 976639ea-e050-4fe0-86a0-ac3ec56c505c
Driver info: org.openqa.selenium.firefox.FirefoxDriver
Capabilities [{platform=WINDOWS, acceptSslCerts=true, javascriptEnabled=true, cssSelectorsEnabled=true, databaseEnabled=true, browserName=firefox, handlesAlerts=true, browserConnectionEnabled=true, nativeEvents=false, webStorageEnabled=true, rotatable=false, locationContextEnabled=true, applicationCacheEnabled=true, takesScreenshot=true, version=26.0}]
org.openqa.selenium.NoSuchElementException: Unable to locate element: {"method":"id","selector":"editPage"}
Command duration or timeout: 7 milliseconds
For documentation on this error, please visit: http://seleniumhq.org/exceptions/no_such_element.html
Build info: version: '2.46.0', revision: '61506a4624b13675f24581e453592342b7485d71', time: '2015-06-04 10:22:50'
System info: host: 'lainpuma873', ip: '10.113.4.166', os.name: 'Windows 7', os.arch: 'x86', os.version: '6.1', java.version: '1.7.0_67'
*** Element info: {Using=id, value=editPage}
Session ID: a5526ee6-e92f-479c-ba9c-63ba20998564
Driver info: org.openqa.selenium.firefox.FirefoxDriver
Capabilities [{platform=WINDOWS, acceptSslCerts=true, javascriptEnabled=true, cssSelectorsEnabled=true, databaseEnabled=true, browserName=firefox, handlesAlerts=true, browserConnectionEnabled=true, nativeEvents=false, webStorageEnabled=true, rotatable=false, locationContextEnabled=true, applicationCacheEnabled=true, takesScreenshot=true, version=26.0}]
org.openqa.selenium.NoSuchElementException: Unable to locate element: {"method":"id","selector":"editPage"}
Command duration or timeout: 8 milliseconds
For documentation on this error, please visit: http://seleniumhq.org/exceptions/no_such_element.html
Build info: version: '2.46.0', revision: '61506a4624b13675f24581e453592342b7485d71', time: '2015-06-04 10:22:50'
System info: host: 'lainpuma873', ip: '10.113.4.166', os.name: 'Windows 7', os.arch: 'x86', os.version: '6.1', java.version: '1.7.0_67'
*** Element info: {Using=id, value=editPage}
Session ID: 976639ea-e050-4fe0-86a0-ac3ec56c505c
Driver info: org.openqa.selenium.firefox.FirefoxDriver
Capabilities [{platform=WINDOWS, acceptSslCerts=true, javascriptEnabled=true, cssSelectorsEnabled=true, databaseEnabled=true, browserName=firefox, handlesAlerts=true, browserConnectionEnabled=true, nativeEvents=false, webStorageEnabled=true, rotatable=false, locationContextEnabled=true, applicationCacheEnabled=true, takesScreenshot=true, version=26.0}]
org.openqa.selenium.NoSuchElementException: Unable to locate element: {"method":"id","selector":"editPage"}
Command duration or timeout: 7 milliseconds
For documentation on this error, please visit: http://seleniumhq.org/exceptions/no_such_element.html
Build info: version: '2.46.0', revision: '61506a4624b13675f24581e453592342b7485d71', time: '2015-06-04 10:22:50'
System info: host: 'lainpuma873', ip: '10.113.4.166', os.name: 'Windows 7', os.arch: 'x86', os.version: '6.1', java.version: '1.7.0_67'
*** Element info: {Using=id, value=editPage}
Session ID: a5526ee6-e92f-479c-ba9c-63ba20998564
Driver info: org.openqa.selenium.firefox.FirefoxDriver
Capabilities [{platform=WINDOWS, acceptSslCerts=true, javascriptEnabled=true, cssSelectorsEnabled=true, databaseEnabled=true, browserName=firefox, handlesAlerts=true, browserConnectionEnabled=true, nativeEvents=false, webStorageEnabled=true, rotatable=false, locationContextEnabled=true, applicationCacheEnabled=true, takesScreenshot=true, version=26.0}]
org.openqa.selenium.NoSuchElementException: Unable to locate element: {"method":"id","selector":"editPage"}
Command duration or timeout: 8 milliseconds
For documentation on this error, please visit: http://seleniumhq.org/exceptions/no_such_element.html
Build info: version: '2.46.0', revision: '61506a4624b13675f24581e453592342b7485d71', time: '2015-06-04 10:22:50'
System info: host: 'lainpuma873', ip: '10.113.4.166', os.name: 'Windows 7', os.arch: 'x86', os.version: '6.1', java.version: '1.7.0_67'
*** Element info: {Using=id, value=editPage}
Session ID: 976639ea-e050-4fe0-86a0-ac3ec56c505c
Driver info: org.openqa.selenium.firefox.FirefoxDriver
Capabilities [{platform=WINDOWS, acceptSslCerts=true, javascriptEnabled=true, cssSelectorsEnabled=true, databaseEnabled=true, browserName=firefox, handlesAlerts=true, browserConnectionEnabled=true, nativeEvents=false, webStorageEnabled=true, rotatable=false, locationContextEnabled=true, applicationCacheEnabled=true, takesScreenshot=true, version=26.0}]
org.openqa.selenium.NoSuchElementException: Unable to locate element: {"method":"id","selector":"editPage"}
Command duration or timeout: 11 milliseconds
For documentation on this error, please visit: http://seleniumhq.org/exceptions/no_such_element.html
Build info: version: '2.46.0', revision: '61506a4624b13675f24581e453592342b7485d71', time: '2015-06-04 10:22:50'
System info: host: 'lainpuma873', ip: '10.113.4.166', os.name: 'Windows 7', os.arch: 'x86', os.version: '6.1', java.version: '1.7.0_67'
*** Element info: {Using=id, value=editPage}
Session ID: a5526ee6-e92f-479c-ba9c-63ba20998564
Driver info: org.openqa.selenium.firefox.FirefoxDriver
Capabilities [{platform=WINDOWS, acceptSslCerts=true, javascriptEnabled=true, cssSelectorsEnabled=true, databaseEnabled=true, browserName=firefox, handlesAlerts=true, browserConnectionEnabled=true, nativeEvents=false, webStorageEnabled=true, rotatable=false, locationContextEnabled=true, applicationCacheEnabled=true, takesScreenshot=true, version=26.0}]
org.openqa.selenium.NoSuchElementException: Unable to locate element: {"method":"id","selector":"editPage"}
Command duration or timeout: 8 milliseconds
For documentation on this error, please visit: http://seleniumhq.org/exceptions/no_such_element.html
Build info: version: '2.46.0', revision: '61506a4624b13675f24581e453592342b7485d71', time: '2015-06-04 10:22:50'
System info: host: 'lainpuma873', ip: '10.113.4.166', os.name: 'Windows 7', os.arch: 'x86', os.version: '6.1', java.version: '1.7.0_67'
*** Element info: {Using=id, value=editPage}
Session ID: 976639ea-e050-4fe0-86a0-ac3ec56c505c
Driver info: org.openqa.selenium.firefox.FirefoxDriver
Capabilities [{platform=WINDOWS, acceptSslCerts=true, javascriptEnabled=true, cssSelectorsEnabled=true, databaseEnabled=true, browserName=firefox, handlesAlerts=true, browserConnectionEnabled=true, nativeEvents=false, webStorageEnabled=true, rotatable=false, locationContextEnabled=true, applicationCacheEnabled=true, takesScreenshot=true, version=26.0}]
org.openqa.selenium.NoSuchElementException: Unable to locate element: {"method":"id","selector":"editPage"}
Command duration or timeout: 11 milliseconds
For documentation on this error, please visit: http://seleniumhq.org/exceptions/no_such_element.html
Build info: version: '2.46.0', revision: '61506a4624b13675f24581e453592342b7485d71', time: '2015-06-04 10:22:50'
System info: host: 'lainpuma873', ip: '10.113.4.166', os.name: 'Windows 7', os.arch: 'x86', os.version: '6.1', java.version: '1.7.0_67'
*** Element info: {Using=id, value=editPage}
Session ID: a5526ee6-e92f-479c-ba9c-63ba20998564
Driver info: org.openqa.selenium.firefox.FirefoxDriver
Capabilities [{platform=WINDOWS, acceptSslCerts=true, javascriptEnabled=true, cssSelectorsEnabled=true, databaseEnabled=true, browserName=firefox, handlesAlerts=true, browserConnectionEnabled=true, nativeEvents=false, webStorageEnabled=true, rotatable=false, locationContextEnabled=true, applicationCacheEnabled=true, takesScreenshot=true, version=26.0}]
org.openqa.selenium.NoSuchElementException: Unable to locate element: {"method":"id","selector":"editPage"}
Command duration or timeout: 9 milliseconds
For documentation on this error, please visit: http://seleniumhq.org/exceptions/no_such_element.html
Build info: version: '2.46.0', revision: '61506a4624b13675f24581e453592342b7485d71', time: '2015-06-04 10:22:50'
System info: host: 'lainpuma873', ip: '10.113.4.166', os.name: 'Windows 7', os.arch: 'x86', os.version: '6.1', java.version: '1.7.0_67'
*** Element info: {Using=id, value=editPage}
Session ID: 976639ea-e050-4fe0-86a0-ac3ec56c505c
Driver info: org.openqa.selenium.firefox.FirefoxDriver
Capabilities [{platform=WINDOWS, acceptSslCerts=true, javascriptEnabled=true, cssSelectorsEnabled=true, databaseEnabled=true, browserName=firefox, handlesAlerts=true, browserConnectionEnabled=true, nativeEvents=false, webStorageEnabled=true, rotatable=false, locationContextEnabled=true, applicationCacheEnabled=true, takesScreenshot=true, version=26.0}]
org.openqa.selenium.NoSuchElementException: Unable to locate element: {"method":"id","selector":"editPage"}
Command duration or timeout: 8 milliseconds
For documentation on this error, please visit: http://seleniumhq.org/exceptions/no_such_element.html
Build info: version: '2.46.0', revision: '61506a4624b13675f24581e453592342b7485d71', time: '2015-06-04 10:22:50'
System info: host: 'lainpuma873', ip: '10.113.4.166', os.name: 'Windows 7', os.arch: 'x86', os.version: '6.1', java.version: '1.7.0_67'
*** Element info: {Using=id, value=editPage}
Session ID: a5526ee6-e92f-479c-ba9c-63ba20998564
Driver info: org.openqa.selenium.firefox.FirefoxDriver
Capabilities [{platform=WINDOWS, acceptSslCerts=true, javascriptEnabled=true, cssSelectorsEnabled=true, databaseEnabled=true, browserName=firefox, handlesAlerts=true, browserConnectionEnabled=true, nativeEvents=false, webStorageEnabled=true, rotatable=false, locationContextEnabled=true, applicationCacheEnabled=true, takesScreenshot=true, version=26.0}]
org.openqa.selenium.NoSuchElementException: Unable to locate element: {"method":"id","selector":"editPage"}
Command duration or timeout: 13 milliseconds
For documentation on this error, please visit: http://seleniumhq.org/exceptions/no_such_element.html
Build info: version: '2.46.0', revision: '61506a4624b13675f24581e453592342b7485d71', time: '2015-06-04 10:22:50'
System info: host: 'lainpuma873', ip: '10.113.4.166', os.name: 'Windows 7', os.arch: 'x86', os.version: '6.1', java.version: '1.7.0_67'
*** Element info: {Using=id, value=editPage}
Session ID: 976639ea-e050-4fe0-86a0-ac3ec56c505c
Driver info: org.openqa.selenium.firefox.FirefoxDriver
Capabilities [{platform=WINDOWS, acceptSslCerts=true, javascriptEnabled=true, cssSelectorsEnabled=true, databaseEnabled=true, browserName=firefox, handlesAlerts=true, browserConnectionEnabled=true, nativeEvents=false, webStorageEnabled=true, rotatable=false, locationContextEnabled=true, applicationCacheEnabled=true, takesScreenshot=true, version=26.0}]
org.openqa.selenium.NoSuchElementException: Unable to locate element: {"method":"id","selector":"editPage"}
Command duration or timeout: 8 milliseconds
For documentation on this error, please visit: http://seleniumhq.org/exceptions/no_such_element.html
Build info: version: '2.46.0', revision: '61506a4624b13675f24581e453592342b7485d71', time: '2015-06-04 10:22:50'
System info: host: 'lainpuma873', ip: '10.113.4.166', os.name: 'Windows 7', os.arch: 'x86', os.version: '6.1', java.version: '1.7.0_67'
*** Element info: {Using=id, value=editPage}
Session ID: a5526ee6-e92f-479c-ba9c-63ba20998564
Driver info: org.openqa.selenium.firefox.FirefoxDriver
Capabilities [{platform=WINDOWS, acceptSslCerts=true, javascriptEnabled=true, cssSelectorsEnabled=true, databaseEnabled=true, browserName=firefox, handlesAlerts=true, browserConnectionEnabled=true, nativeEvents=false, webStorageEnabled=true, rotatable=false, locationContextEnabled=true, applicationCacheEnabled=true, takesScreenshot=true, version=26.0}]
org.openqa.selenium.NoSuchElementException: Unable to locate element: {"method":"id","selector":"editPage"}
Command duration or timeout: 9 milliseconds
For documentation on this error, please visit: http://seleniumhq.org/exceptions/no_such_element.html
Build info: version: '2.46.0', revision: '61506a4624b13675f24581e453592342b7485d71', time: '2015-06-04 10:22:50'
System info: host: 'lainpuma873', ip: '10.113.4.166', os.name: 'Windows 7', os.arch: 'x86', os.version: '6.1', java.version: '1.7.0_67'
*** Element info: {Using=id, value=editPage}
Session ID: 976639ea-e050-4fe0-86a0-ac3ec56c505c
Driver info: org.openqa.selenium.firefox.FirefoxDriver
Capabilities [{platform=WINDOWS, acceptSslCerts=true, javascriptEnabled=true, cssSelectorsEnabled=true, databaseEnabled=true, browserName=firefox, handlesAlerts=true, browserConnectionEnabled=true, nativeEvents=false, webStorageEnabled=true, rotatable=false, locationContextEnabled=true, applicationCacheEnabled=true, takesScreenshot=true, version=26.0}]
org.openqa.selenium.NoSuchElementException: Unable to locate element: {"method":"id","selector":"editPage"}
Command duration or timeout: 7 milliseconds
For documentation on this error, please visit: http://seleniumhq.org/exceptions/no_such_element.html
Build info: version: '2.46.0', revision: '61506a4624b13675f24581e453592342b7485d71', time: '2015-06-04 10:22:50'
System info: host: 'lainpuma873', ip: '10.113.4.166', os.name: 'Windows 7', os.arch: 'x86', os.version: '6.1', java.version: '1.7.0_67'
*** Element info: {Using=id, value=editPage}
Session ID: a5526ee6-e92f-479c-ba9c-63ba20998564
Driver info: org.openqa.selenium.firefox.FirefoxDriver
Capabilities [{platform=WINDOWS, acceptSslCerts=true, javascriptEnabled=true, cssSelectorsEnabled=true, databaseEnabled=true, browserName=firefox, handlesAlerts=true, browserConnectionEnabled=true, nativeEvents=false, webStorageEnabled=true, rotatable=false, locationContextEnabled=true, applicationCacheEnabled=true, takesScreenshot=true, version=26.0}]
org.openqa.selenium.NoSuchElementException: Unable to locate element: {"method":"id","selector":"editPage"}
Command duration or timeout: 8 milliseconds
For documentation on this error, please visit: http://seleniumhq.org/exceptions/no_such_element.html
Build info: version: '2.46.0', revision: '61506a4624b13675f24581e453592342b7485d71', time: '2015-06-04 10:22:50'
System info: host: 'lainpuma873', ip: '10.113.4.166', os.name: 'Windows 7', os.arch: 'x86', os.version: '6.1', java.version: '1.7.0_67'
*** Element info: {Using=id, value=editPage}
Session ID: 976639ea-e050-4fe0-86a0-ac3ec56c505c
Driver info: org.openqa.selenium.firefox.FirefoxDriver
Capabilities [{platform=WINDOWS, acceptSslCerts=true, javascriptEnabled=true, cssSelectorsEnabled=true, databaseEnabled=true, browserName=firefox, handlesAlerts=true, browserConnectionEnabled=true, nativeEvents=false, webStorageEnabled=true, rotatable=false, locationContextEnabled=true, applicationCacheEnabled=true, takesScreenshot=true, version=26.0}]
org.openqa.selenium.NoSuchElementException: Unable to locate element: {"method":"id","selector":"editPage"}
Command duration or timeout: 7 milliseconds
For documentation on this error, please visit: http://seleniumhq.org/exceptions/no_such_element.html
Build info: version: '2.46.0', revision: '61506a4624b13675f24581e453592342b7485d71', time: '2015-06-04 10:22:50'
System info: host: 'lainpuma873', ip: '10.113.4.166', os.name: 'Windows 7', os.arch: 'x86', os.version: '6.1', java.version: '1.7.0_67'
*** Element info: {Using=id, value=editPage}
Session ID: a5526ee6-e92f-479c-ba9c-63ba20998564
Driver info: org.openqa.selenium.firefox.FirefoxDriver
Capabilities [{platform=WINDOWS, acceptSslCerts=true, javascriptEnabled=true, cssSelectorsEnabled=true, databaseEnabled=true, browserName=firefox, handlesAlerts=true, browserConnectionEnabled=true, nativeEvents=false, webStorageEnabled=true, rotatable=false, locationContextEnabled=true, applicationCacheEnabled=true, takesScreenshot=true, version=26.0}]
org.openqa.selenium.NoSuchElementException: Unable to locate element: {"method":"id","selector":"editPage"}
Command duration or timeout: 9 milliseconds
For documentation on this error, please visit: http://seleniumhq.org/exceptions/no_such_element.html
Build info: version: '2.46.0', revision: '61506a4624b13675f24581e453592342b7485d71', time: '2015-06-04 10:22:50'
System info: host: 'lainpuma873', ip: '10.113.4.166', os.name: 'Windows 7', os.arch: 'x86', os.version: '6.1', java.version: '1.7.0_67'
*** Element info: {Using=id, value=editPage}
Session ID: 976639ea-e050-4fe0-86a0-ac3ec56c505c
Driver info: org.openqa.selenium.firefox.FirefoxDriver
Capabilities [{platform=WINDOWS, acceptSslCerts=true, javascriptEnabled=true, cssSelectorsEnabled=true, databaseEnabled=true, browserName=firefox, handlesAlerts=true, browserConnectionEnabled=true, nativeEvents=false, webStorageEnabled=true, rotatable=false, locationContextEnabled=true, applicationCacheEnabled=true, takesScreenshot=true, version=26.0}]
org.openqa.selenium.NoSuchElementException: Unable to locate element: {"method":"id","selector":"editPage"}
Command duration or timeout: 8 milliseconds
For documentation on this error, please visit: http://seleniumhq.org/exceptions/no_such_element.html
Build info: version: '2.46.0', revision: '61506a4624b13675f24581e453592342b7485d71', time: '2015-06-04 10:22:50'
System info: host: 'lainpuma873', ip: '10.113.4.166', os.name: 'Windows 7', os.arch: 'x86', os.version: '6.1', java.version: '1.7.0_67'
*** Element info: {Using=id, value=editPage}
Session ID: a5526ee6-e92f-479c-ba9c-63ba20998564
Driver info: org.openqa.selenium.firefox.FirefoxDriver
Capabilities [{platform=WINDOWS, acceptSslCerts=true, javascriptEnabled=true, cssSelectorsEnabled=true, databaseEnabled=true, browserName=firefox, handlesAlerts=true, browserConnectionEnabled=true, nativeEvents=false, webStorageEnabled=true, rotatable=false, locationContextEnabled=true, applicationCacheEnabled=true, takesScreenshot=true, version=26.0}]
org.openqa.selenium.NoSuchElementException: Unable to locate element: {"method":"id","selector":"editPage"}
Command duration or timeout: 9 milliseconds
For documentation on this error, please visit: http://seleniumhq.org/exceptions/no_such_element.html
Build info: version: '2.46.0', revision: '61506a4624b13675f24581e453592342b7485d71', time: '2015-06-04 10:22:50'
System info: host: 'lainpuma873', ip: '10.113.4.166', os.name: 'Windows 7', os.arch: 'x86', os.version: '6.1', java.version: '1.7.0_67'
*** Element info: {Using=id, value=editPage}
Session ID: 976639ea-e050-4fe0-86a0-ac3ec56c505c
Driver info: org.openqa.selenium.firefox.FirefoxDriver
Capabilities [{platform=WINDOWS, acceptSslCerts=true, javascriptEnabled=true, cssSelectorsEnabled=true, databaseEnabled=true, browserName=firefox, handlesAlerts=true, browserConnectionEnabled=true, nativeEvents=false, webStorageEnabled=true, rotatable=false, locationContextEnabled=true, applicationCacheEnabled=true, takesScreenshot=true, version=26.0}]
org.openqa.selenium.NoSuchElementException: Unable to locate element: {"method":"id","selector":"editPage"}
Command duration or timeout: 7 milliseconds
For documentation on this error, please visit: http://seleniumhq.org/exceptions/no_such_element.html
Build info: version: '2.46.0', revision: '61506a4624b13675f24581e453592342b7485d71', time: '2015-06-04 10:22:50'
System info: host: 'lainpuma873', ip: '10.113.4.166', os.name: 'Windows 7', os.arch: 'x86', os.version: '6.1', java.version: '1.7.0_67'
*** Element info: {Using=id, value=editPage}
Session ID: a5526ee6-e92f-479c-ba9c-63ba20998564
Driver info: org.openqa.selenium.firefox.FirefoxDriver
Capabilities [{platform=WINDOWS, acceptSslCerts=true, javascriptEnabled=true, cssSelectorsEnabled=true, databaseEnabled=true, browserName=firefox, handlesAlerts=true, browserConnectionEnabled=true, nativeEvents=false, webStorageEnabled=true, rotatable=false, locationContextEnabled=true, applicationCacheEnabled=true, takesScreenshot=true, version=26.0}]
org.openqa.selenium.NoSuchElementException: Unable to locate element: {"method":"id","selector":"editPage"}
Command duration or timeout: 7 milliseconds
For documentation on this error, please visit: http://seleniumhq.org/exceptions/no_such_element.html
Build info: version: '2.46.0', revision: '61506a4624b13675f24581e453592342b7485d71', time: '2015-06-04 10:22:50'
System info: host: 'lainpuma873', ip: '10.113.4.166', os.name: 'Windows 7', os.arch: 'x86', os.version: '6.1', java.version: '1.7.0_67'
*** Element info: {Using=id, value=editPage}
Session ID: 976639ea-e050-4fe0-86a0-ac3ec56c505c
Driver info: org.openqa.selenium.firefox.FirefoxDriver
Capabilities [{platform=WINDOWS, acceptSslCerts=true, javascriptEnabled=true, cssSelectorsEnabled=true, databaseEnabled=true, browserName=firefox, handlesAlerts=true, browserConnectionEnabled=true, nativeEvents=false, webStorageEnabled=true, rotatable=false, locationContextEnabled=true, applicationCacheEnabled=true, takesScreenshot=true, version=26.0}]
org.openqa.selenium.NoSuchElementException: Unable to locate element: {"method":"id","selector":"editPage"}
Command duration or timeout: 6 milliseconds
For documentation on this error, please visit: http://seleniumhq.org/exceptions/no_such_element.html
Build info: version: '2.46.0', revision: '61506a4624b13675f24581e453592342b7485d71', time: '2015-06-04 10:22:50'
System info: host: 'lainpuma873', ip: '10.113.4.166', os.name: 'Windows 7', os.arch: 'x86', os.version: '6.1', java.version: '1.7.0_67'
*** Element info: {Using=id, value=editPage}
Session ID: a5526ee6-e92f-479c-ba9c-63ba20998564
Driver info: org.openqa.selenium.firefox.FirefoxDriver
Capabilities [{platform=WINDOWS, acceptSslCerts=true, javascriptEnabled=true, cssSelectorsEnabled=true, databaseEnabled=true, browserName=firefox, handlesAlerts=true, browserConnectionEnabled=true, nativeEvents=false, webStorageEnabled=true, rotatable=false, locationContextEnabled=true, applicationCacheEnabled=true, takesScreenshot=true, version=26.0}]
org.openqa.selenium.NoSuchElementException: Unable to locate element: {"method":"id","selector":"editPage"}
Command duration or timeout: 7 milliseconds
For documentation on this error, please visit: http://seleniumhq.org/exceptions/no_such_element.html
Build info: version: '2.46.0', revision: '61506a4624b13675f24581e453592342b7485d71', time: '2015-06-04 10:22:50'
System info: host: 'lainpuma873', ip: '10.113.4.166', os.name: 'Windows 7', os.arch: 'x86', os.version: '6.1', java.version: '1.7.0_67'
*** Element info: {Using=id, value=editPage}
Session ID: 976639ea-e050-4fe0-86a0-ac3ec56c505c
Driver info: org.openqa.selenium.firefox.FirefoxDriver
Capabilities [{platform=WINDOWS, acceptSslCerts=true, javascriptEnabled=true, cssSelectorsEnabled=true, databaseEnabled=true, browserName=firefox, handlesAlerts=true, browserConnectionEnabled=true, nativeEvents=false, webStorageEnabled=true, rotatable=false, locationContextEnabled=true, applicationCacheEnabled=true, takesScreenshot=true, version=26.0}]
org.openqa.selenium.NoSuchElementException: Unable to locate element: {"method":"id","selector":"editPage"}
Command duration or timeout: 9 milliseconds
For documentation on this error, please visit: http://seleniumhq.org/exceptions/no_such_element.html
Build info: version: '2.46.0', revision: '61506a4624b13675f24581e453592342b7485d71', time: '2015-06-04 10:22:50'
System info: host: 'lainpuma873', ip: '10.113.4.166', os.name: 'Windows 7', os.arch: 'x86', os.version: '6.1', java.version: '1.7.0_67'
*** Element info: {Using=id, value=editPage}
Session ID: a5526ee6-e92f-479c-ba9c-63ba20998564
Driver info: org.openqa.selenium.firefox.FirefoxDriver
Capabilities [{platform=WINDOWS, acceptSslCerts=true, javascriptEnabled=true, cssSelectorsEnabled=true, databaseEnabled=true, browserName=firefox, handlesAlerts=true, browserConnectionEnabled=true, nativeEvents=false, webStorageEnabled=true, rotatable=false, locationContextEnabled=true, applicationCacheEnabled=true, takesScreenshot=true, version=26.0}]
org.openqa.selenium.NoSuchElementException: Unable to locate element: {"method":"id","selector":"editPage"}
Command duration or timeout: 7 milliseconds
For documentation on this error, please visit: http://seleniumhq.org/exceptions/no_such_element.html
Build info: version: '2.46.0', revision: '61506a4624b13675f24581e453592342b7485d71', time: '2015-06-04 10:22:50'
System info: host: 'lainpuma873', ip: '10.113.4.166', os.name: 'Windows 7', os.arch: 'x86', os.version: '6.1', java.version: '1.7.0_67'
*** Element info: {Using=id, value=editPage}
Session ID: 976639ea-e050-4fe0-86a0-ac3ec56c505c
Driver info: org.openqa.selenium.firefox.FirefoxDriver
Capabilities [{platform=WINDOWS, acceptSslCerts=true, javascriptEnabled=true, cssSelectorsEnabled=true, databaseEnabled=true, browserName=firefox, handlesAlerts=true, browserConnectionEnabled=true, nativeEvents=false, webStorageEnabled=true, rotatable=false, locationContextEnabled=true, applicationCacheEnabled=true, takesScreenshot=true, version=26.0}]
org.openqa.selenium.NoSuchElementException: Unable to locate element: {"method":"id","selector":"editPage"}
Command duration or timeout: 16 milliseconds
For documentation on this error, please visit: http://seleniumhq.org/exceptions/no_such_element.html
Build info: version: '2.46.0', revision: '61506a4624b13675f24581e453592342b7485d71', time: '2015-06-04 10:22:50'
System info: host: 'lainpuma873', ip: '10.113.4.166', os.name: 'Windows 7', os.arch: 'x86', os.version: '6.1', java.version: '1.7.0_67'
*** Element info: {Using=id, value=editPage}
Session ID: a5526ee6-e92f-479c-ba9c-63ba20998564
Driver info: org.openqa.selenium.firefox.FirefoxDriver
Capabilities [{platform=WINDOWS, acceptSslCerts=true, javascriptEnabled=true, cssSelectorsEnabled=true, databaseEnabled=true, browserName=firefox, handlesAlerts=true, browserConnectionEnabled=true, nativeEvents=false, webStorageEnabled=true, rotatable=false, locationContextEnabled=true, applicationCacheEnabled=true, takesScreenshot=true, version=26.0}]
org.openqa.selenium.NoSuchElementException: Unable to locate element: {"method":"id","selector":"editPage"}
Command duration or timeout: 8 milliseconds
For documentation on this error, please visit: http://seleniumhq.org/exceptions/no_such_element.html
Build info: version: '2.46.0', revision: '61506a4624b13675f24581e453592342b7485d71', time: '2015-06-04 10:22:50'
System info: host: 'lainpuma873', ip: '10.113.4.166', os.name: 'Windows 7', os.arch: 'x86', os.version: '6.1', java.version: '1.7.0_67'
*** Element info: {Using=id, value=editPage}
Session ID: 976639ea-e050-4fe0-86a0-ac3ec56c505c
Driver info: org.openqa.selenium.firefox.FirefoxDriver
Capabilities [{platform=WINDOWS, acceptSslCerts=true, javascriptEnabled=true, cssSelectorsEnabled=true, databaseEnabled=true, browserName=firefox, handlesAlerts=true, browserConnectionEnabled=true, nativeEvents=false, webStorageEnabled=true, rotatable=false, locationContextEnabled=true, applicationCacheEnabled=true, takesScreenshot=true, version=26.0}]
org.openqa.selenium.NoSuchElementException: Unable to locate element: {"method":"id","selector":"editPage"}
Command duration or timeout: 14 milliseconds
For documentation on this error, please visit: http://seleniumhq.org/exceptions/no_such_element.html
Build info: version: '2.46.0', revision: '61506a4624b13675f24581e453592342b7485d71', time: '2015-06-04 10:22:50'
System info: host: 'lainpuma873', ip: '10.113.4.166', os.name: 'Windows 7', os.arch: 'x86', os.version: '6.1', java.version: '1.7.0_67'
*** Element info: {Using=id, value=editPage}
Session ID: a5526ee6-e92f-479c-ba9c-63ba20998564
Driver info: org.openqa.selenium.firefox.FirefoxDriver
Capabilities [{platform=WINDOWS, acceptSslCerts=true, javascriptEnabled=true, cssSelectorsEnabled=true, databaseEnabled=true, browserName=firefox, handlesAlerts=true, browserConnectionEnabled=true, nativeEvents=false, webStorageEnabled=true, rotatable=false, locationContextEnabled=true, applicationCacheEnabled=true, takesScreenshot=true, version=26.0}]
org.openqa.selenium.NoSuchElementException: Unable to locate element: {"method":"id","selector":"editPage"}
Command duration or timeout: 14 milliseconds
For documentation on this error, please visit: http://seleniumhq.org/exceptions/no_such_element.html
Build info: version: '2.46.0', revision: '61506a4624b13675f24581e453592342b7485d71', time: '2015-06-04 10:22:50'
System info: host: 'lainpuma873', ip: '10.113.4.166', os.name: 'Windows 7', os.arch: 'x86', os.version: '6.1', java.version: '1.7.0_67'
*** Element info: {Using=id, value=editPage}
Session ID: 976639ea-e050-4fe0-86a0-ac3ec56c505c
Driver info: org.openqa.selenium.firefox.FirefoxDriver
Capabilities [{platform=WINDOWS, acceptSslCerts=true, javascriptEnabled=true, cssSelectorsEnabled=true, databaseEnabled=true, browserName=firefox, handlesAlerts=true, browserConnectionEnabled=true, nativeEvents=false, webStorageEnabled=true, rotatable=false, locationContextEnabled=true, applicationCacheEnabled=true, takesScreenshot=true, version=26.0}]
org.openqa.selenium.TimeoutException: Timed out after 20 seconds waiting for Element is not enabled
Build info: version: '2.46.0', revision: '61506a4624b13675f24581e453592342b7485d71', time: '2015-06-04 10:22:50'
System info: host: 'lainpuma873', ip: '10.113.4.166', os.name: 'Windows 7', os.arch: 'x86', os.version: '6.1', java.version: '1.7.0_67'
Session ID: 976639ea-e050-4fe0-86a0-ac3ec56c505c
Driver info: org.openqa.selenium.firefox.FirefoxDriver
Capabilities [{platform=WINDOWS, acceptSslCerts=true, javascriptEnabled=true, cssSelectorsEnabled=true, databaseEnabled=true, browserName=firefox, handlesAlerts=true, browserConnectionEnabled=true, nativeEvents=false, webStorageEnabled=true, rotatable=false, locationContextEnabled=true, applicationCacheEnabled=true, takesScreenshot=true, version=26.0}]
org.openqa.selenium.NoSuchElementException: Unable to locate element: {"method":"id","selector":"editPage"}
Command duration or timeout: 8 milliseconds
For documentation on this error, please visit: http://seleniumhq.org/exceptions/no_such_element.html
Build info: version: '2.46.0', revision: '61506a4624b13675f24581e453592342b7485d71', time: '2015-06-04 10:22:50'
System info: host: 'lainpuma873', ip: '10.113.4.166', os.name: 'Windows 7', os.arch: 'x86', os.version: '6.1', java.version: '1.7.0_67'
*** Element info: {Using=id, value=editPage}
Session ID: a5526ee6-e92f-479c-ba9c-63ba20998564
Driver info: org.openqa.selenium.firefox.FirefoxDriver
Capabilities [{platform=WINDOWS, acceptSslCerts=true, javascriptEnabled=true, cssSelectorsEnabled=true, databaseEnabled=true, browserName=firefox, handlesAlerts=true, browserConnectionEnabled=true, nativeEvents=false, webStorageEnabled=true, rotatable=false, locationContextEnabled=true, applicationCacheEnabled=true, takesScreenshot=true, version=26.0}]
org.openqa.selenium.NoSuchElementException: Unable to locate element: {"method":"id","selector":"editPage"}
Command duration or timeout: 10 milliseconds
For documentation on this error, please visit: http://seleniumhq.org/exceptions/no_such_element.html
Build info: version: '2.46.0', revision: '61506a4624b13675f24581e453592342b7485d71', time: '2015-06-04 10:22:50'
System info: host: 'lainpuma873', ip: '10.113.4.166', os.name: 'Windows 7', os.arch: 'x86', os.version: '6.1', java.version: '1.7.0_67'
*** Element info: {Using=id, value=editPage}
Session ID: a5526ee6-e92f-479c-ba9c-63ba20998564
Driver info: org.openqa.selenium.firefox.FirefoxDriver
Capabilities [{platform=WINDOWS, acceptSslCerts=true, javascriptEnabled=true, cssSelectorsEnabled=true, databaseEnabled=true, browserName=firefox, handlesAlerts=true, browserConnectionEnabled=true, nativeEvents=false, webStorageEnabled=true, rotatable=false, locationContextEnabled=true, applicationCacheEnabled=true, takesScreenshot=true, version=26.0}]
Quiting Driver for Method:verifySeleniumTitle_XML
org.openqa.selenium.NoSuchElementException: Unable to locate element: {"method":"id","selector":"editPage"}
Command duration or timeout: 10 milliseconds
For documentation on this error, please visit: http://seleniumhq.org/exceptions/no_such_element.html
Build info: version: '2.46.0', revision: '61506a4624b13675f24581e453592342b7485d71', time: '2015-06-04 10:22:50'
System info: host: 'lainpuma873', ip: '10.113.4.166', os.name: 'Windows 7', os.arch: 'x86', os.version: '6.1', java.version: '1.7.0_67'
*** Element info: {Using=id, value=editPage}
Session ID: a5526ee6-e92f-479c-ba9c-63ba20998564
Driver info: org.openqa.selenium.firefox.FirefoxDriver
Capabilities [{platform=WINDOWS, acceptSslCerts=true, javascriptEnabled=true, cssSelectorsEnabled=true, databaseEnabled=true, browserName=firefox, handlesAlerts=true, browserConnectionEnabled=true, nativeEvents=false, webStorageEnabled=true, rotatable=false, locationContextEnabled=true, applicationCacheEnabled=true, takesScreenshot=true, version=26.0}]
org.openqa.selenium.NoSuchElementException: Unable to locate element: {"method":"id","selector":"editPage"}
Command duration or timeout: 7 milliseconds
For documentation on this error, please visit: http://seleniumhq.org/exceptions/no_such_element.html
Build info: version: '2.46.0', revision: '61506a4624b13675f24581e453592342b7485d71', time: '2015-06-04 10:22:50'
System info: host: 'lainpuma873', ip: '10.113.4.166', os.name: 'Windows 7', os.arch: 'x86', os.version: '6.1', java.version: '1.7.0_67'
*** Element info: {Using=id, value=editPage}
Session ID: a5526ee6-e92f-479c-ba9c-63ba20998564
Driver info: org.openqa.selenium.firefox.FirefoxDriver
Capabilities [{platform=WINDOWS, acceptSslCerts=true, javascriptEnabled=true, cssSelectorsEnabled=true, databaseEnabled=true, browserName=firefox, handlesAlerts=true, browserConnectionEnabled=true, nativeEvents=false, webStorageEnabled=true, rotatable=false, locationContextEnabled=true, applicationCacheEnabled=true, takesScreenshot=true, version=26.0}]
org.openqa.selenium.NoSuchElementException: Unable to locate element: {"method":"id","selector":"editPage"}
Command duration or timeout: 6 milliseconds
For documentation on this error, please visit: http://seleniumhq.org/exceptions/no_such_element.html
Build info: version: '2.46.0', revision: '61506a4624b13675f24581e453592342b7485d71', time: '2015-06-04 10:22:50'
System info: host: 'lainpuma873', ip: '10.113.4.166', os.name: 'Windows 7', os.arch: 'x86', os.version: '6.1', java.version: '1.7.0_67'
*** Element info: {Using=id, value=editPage}
Session ID: a5526ee6-e92f-479c-ba9c-63ba20998564
Driver info: org.openqa.selenium.firefox.FirefoxDriver
Capabilities [{platform=WINDOWS, acceptSslCerts=true, javascriptEnabled=true, cssSelectorsEnabled=true, databaseEnabled=true, browserName=firefox, handlesAlerts=true, browserConnectionEnabled=true, nativeEvents=false, webStorageEnabled=true, rotatable=false, locationContextEnabled=true, applicationCacheEnabled=true, takesScreenshot=true, version=26.0}]
]]></system-out>
    <system-err><![CDATA[Nov 24, 2015 11:56:06 AM org.openqa.selenium.os.UnixProcess$SeleniumWatchDog destroyHarder
INFO: Command failed to close cleanly. Destroying forcefully (v2). org.openqa.selenium.os.UnixProcess$SeleniumWatchDog@1484688
]]></system-err>
  </testcase>
  <testcase name="verifySeleniumTitle_XML" classname="tests.SimpleGoogleTest" time="31.404">
    <failure message="Selenium Home Page is not loaded in 10 seconds" type="omelet.exception.FrameworkException">omelet.exception.FrameworkException: Selenium Home Page is not loaded in 10 seconds
	at pageobjects.SeleniumPage.isLoaded(SeleniumPage.java:27)
	at tests.SimpleGoogleTest.verifySeleniumTitle_XML(SimpleGoogleTest.java:25)
</failure>
    <system-out><![CDATA[End Time :: 11:56:8
Execution Time :: 26.951 Seconds
Completed TestCase :: verifySeleniumTitle_XML => Status: FAIL
org.openqa.selenium.NoSuchElementException: Unable to locate element: {"method":"id","selector":"editPage"}
Command duration or timeout: 7 milliseconds
For documentation on this error, please visit: http://seleniumhq.org/exceptions/no_such_element.html
Build info: version: '2.46.0', revision: '61506a4624b13675f24581e453592342b7485d71', time: '2015-06-04 10:22:50'
System info: host: 'lainpuma873', ip: '10.113.4.166', os.name: 'Windows 7', os.arch: 'x86', os.version: '6.1', java.version: '1.7.0_67'
*** Element info: {Using=id, value=editPage}
Session ID: a5526ee6-e92f-479c-ba9c-63ba20998564
Driver info: org.openqa.selenium.firefox.FirefoxDriver
Capabilities [{platform=WINDOWS, acceptSslCerts=true, javascriptEnabled=true, cssSelectorsEnabled=true, databaseEnabled=true, browserName=firefox, handlesAlerts=true, browserConnectionEnabled=true, nativeEvents=false, webStorageEnabled=true, rotatable=false, locationContextEnabled=true, applicationCacheEnabled=true, takesScreenshot=true, version=26.0}]
org.openqa.selenium.TimeoutException: Timed out after 20 seconds waiting for Element is not enabled
Build info: version: '2.46.0', revision: '61506a4624b13675f24581e453592342b7485d71', time: '2015-06-04 10:22:50'
System info: host: 'lainpuma873', ip: '10.113.4.166', os.name: 'Windows 7', os.arch: 'x86', os.version: '6.1', java.version: '1.7.0_67'
Session ID: a5526ee6-e92f-479c-ba9c-63ba20998564
Driver info: org.openqa.selenium.firefox.FirefoxDriver
Capabilities [{platform=WINDOWS, acceptSslCerts=true, javascriptEnabled=true, cssSelectorsEnabled=true, databaseEnabled=true, browserName=firefox, handlesAlerts=true, browserConnectionEnabled=true, nativeEvents=false, webStorageEnabled=true, rotatable=false, locationContextEnabled=true, applicationCacheEnabled=true, takesScreenshot=true, version=26.0}]
Quiting Driver for Method:verifySeleniumTitle_XML
]]></system-out>
    <system-err><![CDATA[Nov 24, 2015 11:56:09 AM org.openqa.selenium.os.UnixProcess$SeleniumWatchDog destroyHarder
INFO: Command failed to close cleanly. Destroying forcefully (v2). org.openqa.selenium.os.UnixProcess$SeleniumWatchDog@dde1f6
]]></system-err>
  </testcase>
</testsuite>