<?xml version="1.0" encoding="UTF-8"?>
<testng-results skipped="0" failed="2" total="2" passed="0">
  <reporter-output>
    <line>
      <![CDATA[Starting with suite :: tests]]>
    </line>
    <line>
      <![CDATA[<br>]]>
    </line>
    <line>
      <![CDATA[Starting with suite :: tests]]>
    </line>
    <line>
      <![CDATA[<br>]]>
    </line>
    <line>
      <![CDATA[********************************************************]]>
    </line>
    <line>
      <![CDATA[********************************************************]]>
    </line>
    <line>
      <![CDATA[</br>]]>
    </line>
    <line>
      <![CDATA[</br>]]>
    </line>
    <line>
      <![CDATA[2::Initiating TestCase::verifySeleniumTitle_XML (PoolService-1@6033476)]]>
    </line>
    <line>
      <![CDATA[1::Initiating TestCase::verifySeleniumTitle_XML (PoolService-1@6033476)]]>
    </line>
    <line>
      <![CDATA[</br>]]>
    </line>
    <line>
      <![CDATA[</br>]]>
    </line>
    <line>
      <![CDATA[Start Time:::: 12:23:33]]>
    </line>
    <line>
      <![CDATA[Start Time:::: 12:23:33]]>
    </line>
    <line>
      <![CDATA[</br>]]>
    </line>
    <line>
      <![CDATA[</br>]]>
    </line>
    <line>
      <![CDATA[Table Report is:::<style type="text/css">table{border-collapse: collapse;border: 1px solid black;color: #008000} table td{ border: 1px solid black;} table tr{ border: 1px solid black;}table th{border: 1px solid black;font-size:15px; font-weight: bold;color: #54B948;;background-color:#2F4F4F}</style><table ><tr><th colspan='5'>verifySeleniumTitle_XML</th></tr><tr><th>Step No</th><th>Description</th><th>Status</th><th>Expected</th><th>Actual</th><th>ScreenShot</th></tr></table>]]>
    </line>
    <line>
      <![CDATA[Table Report is:::<style type="text/css">table{border-collapse: collapse;border: 1px solid black;color: #008000} table td{ border: 1px solid black;} table tr{ border: 1px solid black;}table th{border: 1px solid black;font-size:15px; font-weight: bold;color: #54B948;;background-color:#2F4F4F}</style><table ><tr><th colspan='5'>verifySeleniumTitle_XML</th></tr><tr><th>Step No</th><th>Description</th><th>Status</th><th>Expected</th><th>Actual</th><th>ScreenShot</th></tr></table>]]>
    </line>
    <line>
      <![CDATA[Test Case -verifySeleniumTitle_XML failed due to exception screen shot below]]>
    </line>
    <line>
      <![CDATA[<div style="height:400px; width: 750px; overflow:scroll"><img src="../Google Example Suite/d88616a0-24a8-4f6c-bbaf-6cc5b84e62b2.png"></div>]]>
    </line>
    <line>
      <![CDATA[Test Case -verifySeleniumTitle_XML failed due to exception screen shot below]]>
    </line>
    <line>
      <![CDATA[<div style="height:400px; width: 750px; overflow:scroll"><img src="../Google Example Suite/36ccf34e-4932-4298-9779-72f82ca35ce0.png"></div>]]>
    </line>
    <line>
      <![CDATA[End Time :: 12:23:43]]>
    </line>
    <line>
      <![CDATA[</br>]]>
    </line>
    <line>
      <![CDATA[Execution Time :: 8.163 Seconds]]>
    </line>
    <line>
      <![CDATA[</br>]]>
    </line>
    <line>
      <![CDATA[Completed TestCase :: verifySeleniumTitle_XML => Status: FAIL]]>
    </line>
    <line>
      <![CDATA[</br>]]>
    </line>
    <line>
      <![CDATA[End Time :: 12:23:44]]>
    </line>
    <line>
      <![CDATA[</br>]]>
    </line>
    <line>
      <![CDATA[Execution Time :: 9.155 Seconds]]>
    </line>
    <line>
      <![CDATA[</br>]]>
    </line>
    <line>
      <![CDATA[Completed TestCase :: verifySeleniumTitle_XML => Status: FAIL]]>
    </line>
    <line>
      <![CDATA[</br>]]>
    </line>
  </reporter-output>
  <suite name="Google Example Suite" duration-ms="11358" started-at="2015-11-24T06:53:33Z" finished-at="2015-11-24T06:53:44Z">
    <groups>
    </groups>
    <test name="GoogleTestBasic" duration-ms="11358" started-at="2015-11-24T06:53:33Z" finished-at="2015-11-24T06:53:44Z">
      <class name="tests.SimpleGoogleTest">
        <test-method status="FAIL" signature="verifySeleniumTitle_XML(omelet.data.driverconf.IBrowserConf, omelet.data.IProperty)[pri:0, instance:tests.SimpleGoogleTest@159fb5c]" name="verifySeleniumTitle_XML" duration-ms="9155" started-at="2015-11-24T12:23:33Z" description="verify if Selenium title is as expected" data-provider="XmlData" finished-at="2015-11-24T12:23:42Z">
          <params>
            <param index="0">
              <value>
                <![CDATA[Browser:<span style='font-weight:normal'>firefox</span>, Capabilities:<span style='font-weight:normal'>Capabilities [{}]</span>]]>
              </value>
            </param>
            <param index="1">
              <value>
                <![CDATA[<script language='JavaScript'>function showDiv29971802() {document.getElementById('testData29971802').style.display = 'block';document.getElementById('showData29971802').style.display = 'none';document.getElementById('hideData29971802').style.display = 'block';}function hideDiv29971802() {document.getElementById('testData29971802').style.display = 'none';document.getElementById('showData29971802').style.display = 'block';document.getElementById('hideData29971802').style.display = 'none';}</script><br><a id='showData29971802' onclick='showDiv29971802()''>show test data</a><a id='hideData29971802' style='display:none' onclick='hideDiv29971802()''>hide test data</a><div id='testData29971802' style='display:none'><span style='font-weight:normal'>Selenium_Title</span> : <span style='font-weight:bold'>Selenium - Web Browser Automation</span><br><span style='font-weight:normal'>Google_PageTimeOut</span> : <span style='font-weight:bold'>10</span><br><span style='font-weight:normal'>Google_url</span> : <span style='font-weight:bold'>https://www.google.com/</span><br></div>]]>
              </value>
            </param>
          </params>
          <exception class="org.openqa.selenium.remote.UnreachableBrowserException">
            <message>
              <![CDATA[Error communicating with the remote browser. It may have died.
Build info: version: '2.46.0', revision: '61506a4624b13675f24581e453592342b7485d71', time: '2015-06-04 10:22:50'
System info: host: 'lainpuma873', ip: '10.113.4.166', os.name: 'Windows 7', os.arch: 'x86', os.version: '6.1', java.version: '1.7.0_67'
Driver info: driver.version: RemoteWebDriver]]>
            </message>
            <full-stacktrace>
              <![CDATA[org.openqa.selenium.remote.UnreachableBrowserException: Error communicating with the remote browser. It may have died.
Build info: version: '2.46.0', revision: '61506a4624b13675f24581e453592342b7485d71', time: '2015-06-04 10:22:50'
System info: host: 'lainpuma873', ip: '10.113.4.166', os.name: 'Windows 7', os.arch: 'x86', os.version: '6.1', java.version: '1.7.0_67'
Driver info: driver.version: RemoteWebDriver
	at org.openqa.selenium.remote.RemoteWebDriver.execute(RemoteWebDriver.java:599)
	at org.openqa.selenium.remote.RemoteWebDriver.get(RemoteWebDriver.java:306)
	at pageobjects.GooglePage.loadFromProperty(GooglePage.java:45)
	at tests.SimpleGoogleTest.verifySeleniumTitle_XML(SimpleGoogleTest.java:21)
	at sun.reflect.NativeMethodAccessorImpl.invoke0(Native Method)
	at sun.reflect.NativeMethodAccessorImpl.invoke(Unknown Source)
	at sun.reflect.DelegatingMethodAccessorImpl.invoke(Unknown Source)
	at java.lang.reflect.Method.invoke(Unknown Source)
	at org.testng.internal.MethodInvocationHelper.invokeMethod(MethodInvocationHelper.java:85)
	at org.testng.internal.Invoker.invokeMethod(Invoker.java:659)
	at org.testng.internal.Invoker.invokeTestMethod(Invoker.java:845)
	at org.testng.internal.TestMethodWithDataProviderMethodWorker.call(TestMethodWithDataProviderMethodWorker.java:75)
	at org.testng.internal.TestMethodWithDataProviderMethodWorker.call(TestMethodWithDataProviderMethodWorker.java:14)
	at java.util.concurrent.FutureTask.run(Unknown Source)
	at java.util.concurrent.Executors$RunnableAdapter.call(Unknown Source)
	at java.util.concurrent.FutureTask.run(Unknown Source)
	at java.util.concurrent.ThreadPoolExecutor.runWorker(Unknown Source)
	at java.util.concurrent.ThreadPoolExecutor$Worker.run(Unknown Source)
	at java.lang.Thread.run(Unknown Source)
Caused by: org.apache.http.conn.HttpHostConnectException: Connect to 127.0.0.1:7055 [/127.0.0.1] failed: Connection refused: connect
	at org.apache.http.impl.conn.DefaultHttpClientConnectionOperator.connect(DefaultHttpClientConnectionOperator.java:151)
	at org.apache.http.impl.conn.PoolingHttpClientConnectionManager.connect(PoolingHttpClientConnectionManager.java:353)
	at org.apache.http.impl.execchain.MainClientExec.establishRoute(MainClientExec.java:380)
	at org.apache.http.impl.execchain.MainClientExec.execute(MainClientExec.java:236)
	at org.apache.http.impl.execchain.ProtocolExec.execute(ProtocolExec.java:184)
	at org.apache.http.impl.execchain.RetryExec.execute(RetryExec.java:88)
	at org.apache.http.impl.execchain.RedirectExec.execute(RedirectExec.java:110)
	at org.apache.http.impl.client.InternalHttpClient.doExecute(InternalHttpClient.java:184)
	at org.apache.http.impl.client.CloseableHttpClient.execute(CloseableHttpClient.java:71)
	at org.apache.http.impl.client.CloseableHttpClient.execute(CloseableHttpClient.java:55)
	at org.openqa.selenium.remote.internal.ApacheHttpClient.fallBackExecute(ApacheHttpClient.java:161)
	at org.openqa.selenium.remote.internal.ApacheHttpClient.execute(ApacheHttpClient.java:89)
	at org.openqa.selenium.remote.HttpCommandExecutor.execute(HttpCommandExecutor.java:134)
	at org.openqa.selenium.firefox.internal.NewProfileExtensionConnection.execute(NewProfileExtensionConnection.java:168)
	at org.openqa.selenium.firefox.FirefoxDriver$LazyCommandExecutor.execute(FirefoxDriver.java:392)
	at org.openqa.selenium.remote.RemoteWebDriver.execute(RemoteWebDriver.java:578)
	... 18 more
Caused by: java.net.ConnectException: Connection refused: connect
	at java.net.DualStackPlainSocketImpl.waitForConnect(Native Method)
	at java.net.DualStackPlainSocketImpl.socketConnect(Unknown Source)
	at java.net.AbstractPlainSocketImpl.doConnect(Unknown Source)
	at java.net.AbstractPlainSocketImpl.connectToAddress(Unknown Source)
	at java.net.AbstractPlainSocketImpl.connect(Unknown Source)
	at java.net.PlainSocketImpl.connect(Unknown Source)
	at java.net.SocksSocketImpl.connect(Unknown Source)
	at java.net.Socket.connect(Unknown Source)
	at org.apache.http.conn.socket.PlainConnectionSocketFactory.connectSocket(PlainConnectionSocketFactory.java:74)
	at org.apache.http.impl.conn.DefaultHttpClientConnectionOperator.connect(DefaultHttpClientConnectionOperator.java:134)
	... 33 more
]]>
            </full-stacktrace>
          </exception> <!-- org.openqa.selenium.remote.UnreachableBrowserException -->
          <reporter-output>
            <line>
              <![CDATA[<br>]]>
            </line>
            <line>
              <![CDATA[********************************************************]]>
            </line>
            <line>
              <![CDATA[</br>]]>
            </line>
            <line>
              <![CDATA[2::Initiating TestCase::verifySeleniumTitle_XML (PoolService-1@6033476)]]>
            </line>
            <line>
              <![CDATA[</br>]]>
            </line>
            <line>
              <![CDATA[Start Time:::: 12:23:33]]>
            </line>
            <line>
              <![CDATA[</br>]]>
            </line>
            <line>
              <![CDATA[Table Report is:::<style type="text/css">table{border-collapse: collapse;border: 1px solid black;color: #008000} table td{ border: 1px solid black;} table tr{ border: 1px solid black;}table th{border: 1px solid black;font-size:15px; font-weight: bold;color: #54B948;;background-color:#2F4F4F}</style><table ><tr><th colspan='5'>verifySeleniumTitle_XML</th></tr><tr><th>Step No</th><th>Description</th><th>Status</th><th>Expected</th><th>Actual</th><th>ScreenShot</th></tr></table>]]>
            </line>
            <line>
              <![CDATA[Test Case -verifySeleniumTitle_XML failed due to exception screen shot below]]>
            </line>
            <line>
              <![CDATA[<div style="height:400px; width: 750px; overflow:scroll"><img src="../Google Example Suite/36ccf34e-4932-4298-9779-72f82ca35ce0.png"></div>]]>
            </line>
            <line>
              <![CDATA[End Time :: 12:23:44]]>
            </line>
            <line>
              <![CDATA[</br>]]>
            </line>
            <line>
              <![CDATA[Execution Time :: 9.155 Seconds]]>
            </line>
            <line>
              <![CDATA[</br>]]>
            </line>
            <line>
              <![CDATA[Completed TestCase :: verifySeleniumTitle_XML => Status: FAIL]]>
            </line>
            <line>
              <![CDATA[</br>]]>
            </line>
          </reporter-output>
        </test-method> <!-- verifySeleniumTitle_XML -->
        <test-method status="FAIL" signature="verifySeleniumTitle_XML(omelet.data.driverconf.IBrowserConf, omelet.data.IProperty)[pri:0, instance:tests.SimpleGoogleTest@159fb5c]" name="verifySeleniumTitle_XML" duration-ms="8163" started-at="2015-11-24T12:23:33Z" description="verify if Selenium title is as expected" data-provider="XmlData" finished-at="2015-11-24T12:23:41Z">
          <params>
            <param index="0">
              <value>
                <![CDATA[Browser:<span style='font-weight:normal'>firefox</span>, Capabilities:<span style='font-weight:normal'>Capabilities [{}]</span>]]>
              </value>
            </param>
            <param index="1">
              <value>
                <![CDATA[<script language='JavaScript'>function showDiv54723741() {document.getElementById('testData54723741').style.display = 'block';document.getElementById('showData54723741').style.display = 'none';document.getElementById('hideData54723741').style.display = 'block';}function hideDiv54723741() {document.getElementById('testData54723741').style.display = 'none';document.getElementById('showData54723741').style.display = 'block';document.getElementById('hideData54723741').style.display = 'none';}</script><br><a id='showData54723741' onclick='showDiv54723741()''>show test data</a><a id='hideData54723741' style='display:none' onclick='hideDiv54723741()''>hide test data</a><div id='testData54723741' style='display:none'><span style='font-weight:normal'>Selenium_Title</span> : <span style='font-weight:bold'>Selenium - Web Browser Automation</span><br><span style='font-weight:normal'>Google_PageTimeOut</span> : <span style='font-weight:bold'>10</span><br><span style='font-weight:normal'>Google_url</span> : <span style='font-weight:bold'>https://www.google.com/</span><br></div>]]>
              </value>
            </param>
          </params>
          <exception class="org.openqa.selenium.remote.UnreachableBrowserException">
            <message>
              <![CDATA[Error communicating with the remote browser. It may have died.
Build info: version: '2.46.0', revision: '61506a4624b13675f24581e453592342b7485d71', time: '2015-06-04 10:22:50'
System info: host: 'lainpuma873', ip: '10.113.4.166', os.name: 'Windows 7', os.arch: 'x86', os.version: '6.1', java.version: '1.7.0_67'
Driver info: driver.version: RemoteWebDriver]]>
            </message>
            <full-stacktrace>
              <![CDATA[org.openqa.selenium.remote.UnreachableBrowserException: Error communicating with the remote browser. It may have died.
Build info: version: '2.46.0', revision: '61506a4624b13675f24581e453592342b7485d71', time: '2015-06-04 10:22:50'
System info: host: 'lainpuma873', ip: '10.113.4.166', os.name: 'Windows 7', os.arch: 'x86', os.version: '6.1', java.version: '1.7.0_67'
Driver info: driver.version: RemoteWebDriver
	at org.openqa.selenium.remote.RemoteWebDriver.execute(RemoteWebDriver.java:599)
	at org.openqa.selenium.remote.RemoteWebDriver.get(RemoteWebDriver.java:306)
	at pageobjects.GooglePage.loadFromProperty(GooglePage.java:45)
	at tests.SimpleGoogleTest.verifySeleniumTitle_XML(SimpleGoogleTest.java:21)
	at sun.reflect.NativeMethodAccessorImpl.invoke0(Native Method)
	at sun.reflect.NativeMethodAccessorImpl.invoke(Unknown Source)
	at sun.reflect.DelegatingMethodAccessorImpl.invoke(Unknown Source)
	at java.lang.reflect.Method.invoke(Unknown Source)
	at org.testng.internal.MethodInvocationHelper.invokeMethod(MethodInvocationHelper.java:85)
	at org.testng.internal.Invoker.invokeMethod(Invoker.java:659)
	at org.testng.internal.Invoker.invokeTestMethod(Invoker.java:845)
	at org.testng.internal.TestMethodWithDataProviderMethodWorker.call(TestMethodWithDataProviderMethodWorker.java:75)
	at org.testng.internal.TestMethodWithDataProviderMethodWorker.call(TestMethodWithDataProviderMethodWorker.java:14)
	at java.util.concurrent.FutureTask.run(Unknown Source)
	at java.util.concurrent.Executors$RunnableAdapter.call(Unknown Source)
	at java.util.concurrent.FutureTask.run(Unknown Source)
	at java.util.concurrent.ThreadPoolExecutor.runWorker(Unknown Source)
	at java.util.concurrent.ThreadPoolExecutor$Worker.run(Unknown Source)
	at java.lang.Thread.run(Unknown Source)
Caused by: org.apache.http.conn.HttpHostConnectException: Connect to 127.0.0.1:7056 [/127.0.0.1] failed: Connection refused: connect
	at org.apache.http.impl.conn.DefaultHttpClientConnectionOperator.connect(DefaultHttpClientConnectionOperator.java:151)
	at org.apache.http.impl.conn.PoolingHttpClientConnectionManager.connect(PoolingHttpClientConnectionManager.java:353)
	at org.apache.http.impl.execchain.MainClientExec.establishRoute(MainClientExec.java:380)
	at org.apache.http.impl.execchain.MainClientExec.execute(MainClientExec.java:236)
	at org.apache.http.impl.execchain.ProtocolExec.execute(ProtocolExec.java:184)
	at org.apache.http.impl.execchain.RetryExec.execute(RetryExec.java:88)
	at org.apache.http.impl.execchain.RedirectExec.execute(RedirectExec.java:110)
	at org.apache.http.impl.client.InternalHttpClient.doExecute(InternalHttpClient.java:184)
	at org.apache.http.impl.client.CloseableHttpClient.execute(CloseableHttpClient.java:71)
	at org.apache.http.impl.client.CloseableHttpClient.execute(CloseableHttpClient.java:55)
	at org.openqa.selenium.remote.internal.ApacheHttpClient.fallBackExecute(ApacheHttpClient.java:161)
	at org.openqa.selenium.remote.internal.ApacheHttpClient.execute(ApacheHttpClient.java:89)
	at org.openqa.selenium.remote.HttpCommandExecutor.execute(HttpCommandExecutor.java:134)
	at org.openqa.selenium.firefox.internal.NewProfileExtensionConnection.execute(NewProfileExtensionConnection.java:168)
	at org.openqa.selenium.firefox.FirefoxDriver$LazyCommandExecutor.execute(FirefoxDriver.java:392)
	at org.openqa.selenium.remote.RemoteWebDriver.execute(RemoteWebDriver.java:578)
	... 18 more
Caused by: java.net.ConnectException: Connection refused: connect
	at java.net.DualStackPlainSocketImpl.waitForConnect(Native Method)
	at java.net.DualStackPlainSocketImpl.socketConnect(Unknown Source)
	at java.net.AbstractPlainSocketImpl.doConnect(Unknown Source)
	at java.net.AbstractPlainSocketImpl.connectToAddress(Unknown Source)
	at java.net.AbstractPlainSocketImpl.connect(Unknown Source)
	at java.net.PlainSocketImpl.connect(Unknown Source)
	at java.net.SocksSocketImpl.connect(Unknown Source)
	at java.net.Socket.connect(Unknown Source)
	at org.apache.http.conn.socket.PlainConnectionSocketFactory.connectSocket(PlainConnectionSocketFactory.java:74)
	at org.apache.http.impl.conn.DefaultHttpClientConnectionOperator.connect(DefaultHttpClientConnectionOperator.java:134)
	... 33 more
]]>
            </full-stacktrace>
          </exception> <!-- org.openqa.selenium.remote.UnreachableBrowserException -->
          <reporter-output>
            <line>
              <![CDATA[<br>]]>
            </line>
            <line>
              <![CDATA[********************************************************]]>
            </line>
            <line>
              <![CDATA[</br>]]>
            </line>
            <line>
              <![CDATA[1::Initiating TestCase::verifySeleniumTitle_XML (PoolService-1@6033476)]]>
            </line>
            <line>
              <![CDATA[</br>]]>
            </line>
            <line>
              <![CDATA[Start Time:::: 12:23:33]]>
            </line>
            <line>
              <![CDATA[</br>]]>
            </line>
            <line>
              <![CDATA[Table Report is:::<style type="text/css">table{border-collapse: collapse;border: 1px solid black;color: #008000} table td{ border: 1px solid black;} table tr{ border: 1px solid black;}table th{border: 1px solid black;font-size:15px; font-weight: bold;color: #54B948;;background-color:#2F4F4F}</style><table ><tr><th colspan='5'>verifySeleniumTitle_XML</th></tr><tr><th>Step No</th><th>Description</th><th>Status</th><th>Expected</th><th>Actual</th><th>ScreenShot</th></tr></table>]]>
            </line>
            <line>
              <![CDATA[Test Case -verifySeleniumTitle_XML failed due to exception screen shot below]]>
            </line>
            <line>
              <![CDATA[<div style="height:400px; width: 750px; overflow:scroll"><img src="../Google Example Suite/d88616a0-24a8-4f6c-bbaf-6cc5b84e62b2.png"></div>]]>
            </line>
            <line>
              <![CDATA[End Time :: 12:23:43]]>
            </line>
            <line>
              <![CDATA[</br>]]>
            </line>
            <line>
              <![CDATA[Execution Time :: 8.163 Seconds]]>
            </line>
            <line>
              <![CDATA[</br>]]>
            </line>
            <line>
              <![CDATA[Completed TestCase :: verifySeleniumTitle_XML => Status: FAIL]]>
            </line>
            <line>
              <![CDATA[</br>]]>
            </line>
          </reporter-output>
        </test-method> <!-- verifySeleniumTitle_XML -->
      </class> <!-- tests.SimpleGoogleTest -->
    </test> <!-- GoogleTestBasic -->
  </suite> <!-- Google Example Suite -->
</testng-results>
